This file contains any messages produced by compilers while
running configure, to aid debugging if configure makes a mistake.

It was created by tse-utils configure 82, which was
generated by GNU Autoconf 2.63.  Invocation command line was

  $ ./configure --prefix=/usr --no-create --no-recursion

## --------- ##
## Platform. ##
## --------- ##

hostname = oracle.linux6
uname -m = x86_64
uname -r = 4.1.12-37.4.1.el6uek.x86_64
uname -s = Linux
uname -v = #2 SMP Tue May 17 07:23:38 PDT 2016

/usr/bin/uname -p = unknown
/bin/uname -X     = unknown

/bin/arch              = x86_64
/usr/bin/arch -k       = unknown
/usr/convex/getsysinfo = unknown
/usr/bin/hostinfo      = unknown
/bin/machine           = unknown
/usr/bin/oslevel       = unknown
/bin/universe          = unknown

PATH: /usr/lib64/qt-3.3/bin
PATH: /usr/local/sbin
PATH: /usr/local/bin
PATH: /sbin
PATH: /bin
PATH: /usr/sbin
PATH: /usr/bin
PATH: /root/bin


## ----------- ##
## Core tests. ##
## ----------- ##

configure:2198: checking build system type
configure:2216: result: x86_64-unknown-linux-gnu
configure:2238: checking host system type
configure:2253: result: x86_64-unknown-linux-gnu
configure:2275: checking target system type
configure:2290: result: x86_64-unknown-linux-gnu
configure:2334: checking for a BSD-compatible install
configure:2402: result: /usr/bin/install -c
configure:2413: checking whether build environment is sane
configure:2473: result: yes
configure:2614: checking for a thread-safe mkdir -p
configure:2653: result: /bin/mkdir -p
configure:2666: checking for gawk
configure:2682: found /bin/gawk
configure:2693: result: gawk
configure:2704: checking whether make sets $(MAKE)
configure:2726: result: yes
configure:2878: checking for a Python interpreter with version >= 2.5
configure:2895: python -c import sys # split strings by '.' and convert to numeric. Append some zeros # because we need at least 4 digits for the hex conversion. # map returns an iterator in Python 3.0 and a list in 2.x minver = list(map(int, '2.5'.split('.'))) + [0, 0, 0] minverhex = 0 # xrange is not present in Python 3.0 and range returns an iterator for i in list(range(0, 4)): minverhex = (minverhex << 8) + minver[i] sys.exit(sys.hexversion < minverhex)
configure:2898: $? = 0
configure:2905: result: python
configure:2913: checking for python
configure:2931: found /usr/bin/python
configure:2943: result: /usr/bin/python
configure:2961: checking for python version
configure:2968: result: 2.6
configure:2980: checking for python platform
configure:2987: result: linux2
configure:2994: checking for python script directory
configure:3023: result: ${prefix}/lib/python2.6/site-packages
configure:3032: checking for python extension module directory
configure:3061: result: ${exec_prefix}/lib64/python2.6/site-packages
configure:3077: checking for swig
configure:3095: found /usr/bin/swig
configure:3107: result: /usr/bin/swig
configure:3120: checking for SWIG version
configure:3123: result: 1.3.40
configure:3165: SWIG executable is '/usr/bin/swig'
configure:3168: SWIG library directory is '/usr/share/swig/1.3.40'
configure:3191: checking for style of include used by make
configure:3219: result: GNU
configure:3289: checking for gcc
configure:3305: found /usr/bin/gcc
configure:3316: result: gcc
configure:3548: checking for C compiler version
configure:3556: gcc --version >&5
gcc (GCC) 4.4.7 20120313 (Red Hat 4.4.7-23.0.1)
Copyright (C) 2010 Free Software Foundation, Inc.
This is free software; see the source for copying conditions.  There is NO
warranty; not even for MERCHANTABILITY or FITNESS FOR A PARTICULAR PURPOSE.

configure:3560: $? = 0
configure:3567: gcc -v >&5
Using built-in specs.
Target: x86_64-redhat-linux
Configured with: ../configure --prefix=/usr --mandir=/usr/share/man --infodir=/usr/share/info --with-bugurl=http://bugzilla.redhat.com/bugzilla --enable-bootstrap --enable-shared --enable-threads=posix --enable-checking=release --with-system-zlib --enable-__cxa_atexit --disable-libunwind-exceptions --enable-gnu-unique-object --enable-languages=c,c++,objc,obj-c++,java,fortran,ada --enable-java-awt=gtk --disable-dssi --with-java-home=/usr/lib/jvm/java-1.5.0-gcj-1.5.0.0/jre --enable-libgcj-multifile --enable-java-maintainer-mode --with-ecj-jar=/usr/share/java/eclipse-ecj.jar --disable-libjava-multilib --with-ppl --with-cloog --with-tune=generic --with-arch_32=i686 --build=x86_64-redhat-linux
Thread model: posix
gcc version 4.4.7 20120313 (Red Hat 4.4.7-23.0.1) (GCC) 
configure:3571: $? = 0
configure:3578: gcc -V >&5
gcc: '-V' option must have argument
configure:3582: $? = 1
configure:3605: checking for C compiler default output file name
configure:3627: gcc    conftest.c  >&5
configure:3631: $? = 0
configure:3669: result: a.out
configure:3688: checking whether the C compiler works
configure:3698: ./a.out
configure:3702: $? = 0
configure:3721: result: yes
configure:3728: checking whether we are cross compiling
configure:3730: result: no
configure:3733: checking for suffix of executables
configure:3740: gcc -o conftest    conftest.c  >&5
configure:3744: $? = 0
configure:3770: result: 
configure:3776: checking for suffix of object files
configure:3802: gcc -c   conftest.c >&5
configure:3806: $? = 0
configure:3831: result: o
configure:3835: checking whether we are using the GNU C compiler
configure:3864: gcc -c   conftest.c >&5
configure:3871: $? = 0
configure:3888: result: yes
configure:3897: checking whether gcc accepts -g
configure:3927: gcc -c -g  conftest.c >&5
configure:3934: $? = 0
configure:4035: result: yes
configure:4052: checking for gcc option to accept ISO C89
configure:4126: gcc  -c -g -O2  conftest.c >&5
configure:4133: $? = 0
configure:4156: result: none needed
configure:4176: checking dependency style of gcc
configure:4286: result: gcc3
configure:4310: checking for python2.6
configure:4340: result: /usr/bin/python
configure:4358: checking for a version of Python >= '2.1.0'
configure:4395: result: yes
configure:4432: checking for the distutils Python package
configure:4436: result: yes
configure:4454: checking for Python include path
configure:4464: result: -I/usr/include/python2.6
configure:4471: checking for Python library path
configure:4493: result: -L/usr/lib64/python2.6 -lpython2.6
configure:4500: checking for Python site-packages path
configure:4506: result: /usr/lib/python2.6/site-packages
configure:4513: checking python extra libraries
configure:4520: result:  -lpthread -ldl  -lutil
configure:4527: checking python extra linking flags
configure:4534: result: -Xlinker -export-dynamic
configure:4541: checking consistency of all components of python development environment
configure:4577: gcc -o conftest -g -O2  -I/usr/include/python2.6  conftest.c  -L/usr/lib64/python2.6 -lpython2.6 >&5
configure:4584: $? = 0
configure:4604: result: yes
configure:4805: checking how to run the C preprocessor
configure:4845: gcc -E  conftest.c
configure:4852: $? = 0
configure:4883: gcc -E  conftest.c
conftest.c:11:28: error: ac_nonexistent.h: No such file or directory
configure:4890: $? = 1
configure: failed program was:
| /* confdefs.h.  */
| #define PACKAGE_NAME "tse-utils"
| #define PACKAGE_TARNAME "tse-utils"
| #define PACKAGE_VERSION "82"
| #define PACKAGE_STRING "tse-utils 82"
| #define PACKAGE_BUGREPORT ""
| #define PACKAGE "tse-utils"
| #define VERSION "82"
| #define TSE_DEFAULT_KEY_MOD_DIR "/usr/lib/tse"
| /* end confdefs.h.  */
| #include <ac_nonexistent.h>
configure:4923: result: gcc -E
configure:4952: gcc -E  conftest.c
configure:4959: $? = 0
configure:4990: gcc -E  conftest.c
conftest.c:11:28: error: ac_nonexistent.h: No such file or directory
configure:4997: $? = 1
configure: failed program was:
| /* confdefs.h.  */
| #define PACKAGE_NAME "tse-utils"
| #define PACKAGE_TARNAME "tse-utils"
| #define PACKAGE_VERSION "82"
| #define PACKAGE_STRING "tse-utils 82"
| #define PACKAGE_BUGREPORT ""
| #define PACKAGE "tse-utils"
| #define VERSION "82"
| #define TSE_DEFAULT_KEY_MOD_DIR "/usr/lib/tse"
| /* end confdefs.h.  */
| #include <ac_nonexistent.h>
configure:5037: checking for grep that handles long lines and -e
configure:5097: result: /bin/grep
configure:5102: checking for egrep
configure:5166: result: /bin/grep -E
configure:5171: checking for ANSI C header files
configure:5201: gcc -c -g -O2  conftest.c >&5
configure:5208: $? = 0
configure:5307: gcc -o conftest -g -O2   conftest.c  >&5
configure:5311: $? = 0
configure:5317: ./conftest
configure:5321: $? = 0
configure:5339: result: yes
configure:5363: checking for sys/types.h
configure:5384: gcc -c -g -O2  conftest.c >&5
configure:5391: $? = 0
configure:5408: result: yes
configure:5363: checking for sys/stat.h
configure:5384: gcc -c -g -O2  conftest.c >&5
configure:5391: $? = 0
configure:5408: result: yes
configure:5363: checking for stdlib.h
configure:5384: gcc -c -g -O2  conftest.c >&5
configure:5391: $? = 0
configure:5408: result: yes
configure:5363: checking for string.h
configure:5384: gcc -c -g -O2  conftest.c >&5
configure:5391: $? = 0
configure:5408: result: yes
configure:5363: checking for memory.h
configure:5384: gcc -c -g -O2  conftest.c >&5
configure:5391: $? = 0
configure:5408: result: yes
configure:5363: checking for strings.h
configure:5384: gcc -c -g -O2  conftest.c >&5
configure:5391: $? = 0
configure:5408: result: yes
configure:5363: checking for inttypes.h
configure:5384: gcc -c -g -O2  conftest.c >&5
configure:5391: $? = 0
configure:5408: result: yes
configure:5363: checking for stdint.h
configure:5384: gcc -c -g -O2  conftest.c >&5
configure:5391: $? = 0
configure:5408: result: yes
configure:5363: checking for unistd.h
configure:5384: gcc -c -g -O2  conftest.c >&5
configure:5391: $? = 0
configure:5408: result: yes
configure:5433: checking minix/config.h usability
configure:5450: gcc -c -g -O2  conftest.c >&5
conftest.c:54:26: error: minix/config.h: No such file or directory
configure:5457: $? = 1
configure: failed program was:
| /* confdefs.h.  */
| #define PACKAGE_NAME "tse-utils"
| #define PACKAGE_TARNAME "tse-utils"
| #define PACKAGE_VERSION "82"
| #define PACKAGE_STRING "tse-utils 82"
| #define PACKAGE_BUGREPORT ""
| #define PACKAGE "tse-utils"
| #define VERSION "82"
| #define TSE_DEFAULT_KEY_MOD_DIR "/usr/lib/tse"
| #define STDC_HEADERS 1
| #define HAVE_SYS_TYPES_H 1
| #define HAVE_SYS_STAT_H 1
| #define HAVE_STDLIB_H 1
| #define HAVE_STRING_H 1
| #define HAVE_MEMORY_H 1
| #define HAVE_STRINGS_H 1
| #define HAVE_INTTYPES_H 1
| #define HAVE_STDINT_H 1
| #define HAVE_UNISTD_H 1
| /* end confdefs.h.  */
| #include <stdio.h>
| #ifdef HAVE_SYS_TYPES_H
| # include <sys/types.h>
| #endif
| #ifdef HAVE_SYS_STAT_H
| # include <sys/stat.h>
| #endif
| #ifdef STDC_HEADERS
| # include <stdlib.h>
| # include <stddef.h>
| #else
| # ifdef HAVE_STDLIB_H
| #  include <stdlib.h>
| # endif
| #endif
| #ifdef HAVE_STRING_H
| # if !defined STDC_HEADERS && defined HAVE_MEMORY_H
| #  include <memory.h>
| # endif
| # include <string.h>
| #endif
| #ifdef HAVE_STRINGS_H
| # include <strings.h>
| #endif
| #ifdef HAVE_INTTYPES_H
| # include <inttypes.h>
| #endif
| #ifdef HAVE_STDINT_H
| # include <stdint.h>
| #endif
| #ifdef HAVE_UNISTD_H
| # include <unistd.h>
| #endif
| #include <minix/config.h>
configure:5471: result: no
configure:5475: checking minix/config.h presence
configure:5490: gcc -E  conftest.c
conftest.c:21:26: error: minix/config.h: No such file or directory
configure:5497: $? = 1
configure: failed program was:
| /* confdefs.h.  */
| #define PACKAGE_NAME "tse-utils"
| #define PACKAGE_TARNAME "tse-utils"
| #define PACKAGE_VERSION "82"
| #define PACKAGE_STRING "tse-utils 82"
| #define PACKAGE_BUGREPORT ""
| #define PACKAGE "tse-utils"
| #define VERSION "82"
| #define TSE_DEFAULT_KEY_MOD_DIR "/usr/lib/tse"
| #define STDC_HEADERS 1
| #define HAVE_SYS_TYPES_H 1
| #define HAVE_SYS_STAT_H 1
| #define HAVE_STDLIB_H 1
| #define HAVE_STRING_H 1
| #define HAVE_MEMORY_H 1
| #define HAVE_STRINGS_H 1
| #define HAVE_INTTYPES_H 1
| #define HAVE_STDINT_H 1
| #define HAVE_UNISTD_H 1
| /* end confdefs.h.  */
| #include <minix/config.h>
configure:5511: result: no
configure:5539: checking for minix/config.h
configure:5546: result: no
configure:5577: checking whether it is safe to define __EXTENSIONS__
configure:5605: gcc -c -g -O2  conftest.c >&5
configure:5612: $? = 0
configure:5627: result: yes
configure:5700: checking for gcc
configure:5727: result: gcc
configure:5959: checking for C compiler version
configure:5967: gcc --version >&5
gcc (GCC) 4.4.7 20120313 (Red Hat 4.4.7-23.0.1)
Copyright (C) 2010 Free Software Foundation, Inc.
This is free software; see the source for copying conditions.  There is NO
warranty; not even for MERCHANTABILITY or FITNESS FOR A PARTICULAR PURPOSE.

configure:5971: $? = 0
configure:5978: gcc -v >&5
Using built-in specs.
Target: x86_64-redhat-linux
Configured with: ../configure --prefix=/usr --mandir=/usr/share/man --infodir=/usr/share/info --with-bugurl=http://bugzilla.redhat.com/bugzilla --enable-bootstrap --enable-shared --enable-threads=posix --enable-checking=release --with-system-zlib --enable-__cxa_atexit --disable-libunwind-exceptions --enable-gnu-unique-object --enable-languages=c,c++,objc,obj-c++,java,fortran,ada --enable-java-awt=gtk --disable-dssi --with-java-home=/usr/lib/jvm/java-1.5.0-gcj-1.5.0.0/jre --enable-libgcj-multifile --enable-java-maintainer-mode --with-ecj-jar=/usr/share/java/eclipse-ecj.jar --disable-libjava-multilib --with-ppl --with-cloog --with-tune=generic --with-arch_32=i686 --build=x86_64-redhat-linux
Thread model: posix
gcc version 4.4.7 20120313 (Red Hat 4.4.7-23.0.1) (GCC) 
configure:5982: $? = 0
configure:5989: gcc -V >&5
gcc: '-V' option must have argument
configure:5993: $? = 1
configure:5996: checking whether we are using the GNU C compiler
configure:6049: result: yes
configure:6058: checking whether gcc accepts -g
configure:6196: result: yes
configure:6213: checking for gcc option to accept ISO C89
configure:6317: result: none needed
configure:6337: checking dependency style of gcc
configure:6447: result: gcc3
configure:6464: checking for minix/config.h
configure:6469: result: no
configure:6617: checking whether it is safe to define __EXTENSIONS__
configure:6667: result: yes
configure:6692: checking whether gcc and cc understand -c and -o together
configure:6727: gcc -c conftest.c -o conftest2.o >&5
configure:6731: $? = 0
configure:6737: gcc -c conftest.c -o conftest2.o >&5
configure:6741: $? = 0
configure:6752: cc -c conftest.c >&5
configure:6756: $? = 0
configure:6764: cc -c conftest.c -o conftest2.o >&5
configure:6768: $? = 0
configure:6774: cc -c conftest.c -o conftest2.o >&5
configure:6778: $? = 0
configure:6796: result: yes
configure:6823: checking whether ln -s works
configure:6827: result: yes
configure:6883: checking for pkg-config
configure:6901: found /usr/bin/pkg-config
configure:6913: result: /usr/bin/pkg-config
configure:6938: checking pkg-config is at least version 0.9.0
configure:6941: result: yes
configure:6976: checking for a sed that does not truncate output
configure:7042: result: /bin/sed
configure:7060: checking for fgrep
configure:7124: result: /bin/grep -F
configure:7159: checking for ld used by gcc
configure:7226: result: /usr/bin/ld
configure:7235: checking if the linker (/usr/bin/ld) is GNU ld
configure:7250: result: yes
configure:7262: checking for BSD- or MS-compatible name lister (nm)
configure:7311: result: /usr/bin/nm -B
configure:7429: checking the name lister (/usr/bin/nm -B) interface
configure:7436: gcc -c -g -O2  conftest.c >&5
configure:7439: /usr/bin/nm -B "conftest.o"
configure:7442: output
0000000000000000 B some_variable
configure:7449: result: BSD nm
configure:7453: checking the maximum length of command line arguments
configure:7573: result: 1572864
configure:7590: checking whether the shell understands some XSI constructs
configure:7600: result: yes
configure:7604: checking whether the shell understands "+="
configure:7610: result: yes
configure:7645: checking for /usr/bin/ld option to reload object files
configure:7652: result: -r
configure:7721: checking for objdump
configure:7737: found /usr/bin/objdump
configure:7748: result: objdump
configure:7780: checking how to recognize dependent libraries
configure:7976: result: pass_all
configure:8036: checking for ar
configure:8052: found /usr/bin/ar
configure:8063: result: ar
configure:8141: checking for strip
configure:8157: found /usr/bin/strip
configure:8168: result: strip
configure:8240: checking for ranlib
configure:8256: found /usr/bin/ranlib
configure:8267: result: ranlib
configure:8357: checking command to parse /usr/bin/nm -B output from gcc object
configure:8475: gcc -c -g -O2  conftest.c >&5
configure:8478: $? = 0
configure:8482: /usr/bin/nm -B conftest.o \| sed -n -e 's/^.*[	 ]\([ABCDGIRSTW][ABCDGIRSTW]*\)[	 ][	 ]*\([_A-Za-z][_A-Za-z0-9]*\)$/\1 \2 \2/p' \> conftest.nm
configure:8485: $? = 0
configure:8539: gcc -o conftest -g -O2   conftest.c conftstm.o >&5
configure:8542: $? = 0
configure:8580: result: ok
configure:8675: gcc -c -g -O2  conftest.c >&5
configure:8678: $? = 0
configure:9445: checking for dlfcn.h
configure:9466: gcc -c -g -O2  conftest.c >&5
configure:9473: $? = 0
configure:9490: result: yes
configure:9646: checking for objdir
configure:9661: result: .libs
configure:9957: checking if gcc supports -fno-rtti -fno-exceptions
configure:9975: gcc -c -g -O2  -fno-rtti -fno-exceptions conftest.c >&5
cc1: warning: command line option "-fno-rtti" is valid for C++/ObjC++ but not for C
configure:9979: $? = 0
configure:9992: result: no
configure:10012: checking for gcc option to produce PIC
configure:10284: result: -fPIC -DPIC
configure:10296: checking if gcc PIC flag -fPIC -DPIC works
configure:10314: gcc -c -g -O2  -fPIC -DPIC -DPIC conftest.c >&5
configure:10318: $? = 0
configure:10331: result: yes
configure:10355: checking if gcc static flag -static works
configure:10383: result: no
configure:10398: checking if gcc supports -c -o file.o
configure:10419: gcc -c -g -O2  -o out/conftest2.o conftest.c >&5
configure:10423: $? = 0
configure:10445: result: yes
configure:10453: checking if gcc supports -c -o file.o
configure:10500: result: yes
configure:10533: checking whether the gcc linker (/usr/bin/ld -m elf_x86_64) supports shared libraries
configure:11611: result: yes
configure:11648: checking whether -lc should be explicitly linked in
configure:11653: gcc -c -g -O2  conftest.c >&5
configure:11656: $? = 0
configure:11671: gcc -shared conftest.o  -v -Wl,-soname -Wl,conftest -o conftest 2\>\&1 \| /bin/grep  -lc  \>/dev/null 2\>\&1
configure:11674: $? = 0
configure:11686: result: no
configure:11850: checking dynamic linker characteristics
configure:12293: gcc -o conftest -g -O2   -Wl,-rpath -Wl,/foo conftest.c  >&5
configure:12300: $? = 0
configure:12545: result: GNU/Linux ld.so
configure:12647: checking how to hardcode library paths into programs
configure:12672: result: immediate
configure:13505: checking whether stripping libraries is possible
configure:13510: result: yes
configure:13545: checking if libtool supports shared libraries
configure:13547: result: yes
configure:13550: checking whether to build shared libraries
configure:13571: result: yes
configure:13574: checking whether to build static libraries
configure:13578: result: no
configure:13618: checking for pod2man
configure:13636: found /usr/bin/pod2man
configure:13648: result: /usr/bin/pod2man
configure:13667: checking for tar
configure:13685: found /bin/tar
configure:13697: result: /bin/tar
configure:13712: checking for ps2pdf
configure:13730: found /usr/bin/ps2pdf
configure:13742: result: /usr/bin/ps2pdf
configure:13757: checking for dvips
configure:13790: result: no
configure:13802: checking for latex2html
configure:13835: result: no
configure:13847: checking for latex
configure:13880: result: no
configure:13906: checking for library containing strerror
configure:13947: gcc -o conftest -g -O2   conftest.c  >&5
configure:13954: $? = 0
configure:13985: result: none required
configure:13993: checking for ANSI C header files
configure:14161: result: yes
configure:14172: checking for dlopen in -ldl
configure:14207: gcc -o conftest -g -O2   conftest.c -ldl   >&5
configure:14214: $? = 0
configure:14235: result: yes
configure:14251: checking for keyctl_search in -lkeyutils
configure:14286: gcc -o conftest -g -O2   conftest.c -lkeyutils  -ldl  >&5
configure:14293: $? = 0
configure:14314: result: yes
configure:14337: checking for OPENSSL
configure:14344: $PKG_CONFIG --exists --print-errors "libcrypto >= 0.9.7"
configure:14347: $? = 0
configure:14360: $PKG_CONFIG --exists --print-errors "libcrypto >= 0.9.7"
configure:14363: $? = 0
configure:14832: result: yes
configure:14872: checking openssl/rsa.h usability
configure:14889: gcc -c -g -O2    conftest.c >&5
configure:14896: $? = 0
configure:14910: result: yes
configure:14914: checking openssl/rsa.h presence
configure:14929: gcc -E  conftest.c
configure:14936: $? = 0
configure:14950: result: yes
configure:14978: checking for openssl/rsa.h
configure:14985: result: yes
configure:15206: checking for pam_authenticate in -lpam
configure:15241: gcc -o conftest -g -O2   conftest.c -lpam  -ldl  >&5
configure:15248: $? = 0
configure:15269: result: yes
configure:15280: checking for pam_misc_setenv in -lpam_misc
configure:15315: gcc -o conftest -g -O2   conftest.c -lpam_misc  -ldl  >&5
configure:15322: $? = 0
configure:15343: result: yes
configure:15912: creating ./config.status

## ---------------- ##
## Cache variables. ##
## ---------------- ##

ac_cv_build=x86_64-unknown-linux-gnu
ac_cv_c_compiler_gnu=yes
ac_cv_env_CC_set=
ac_cv_env_CC_value=
ac_cv_env_CFLAGS_set=
ac_cv_env_CFLAGS_value=
ac_cv_env_CPPFLAGS_set=
ac_cv_env_CPPFLAGS_value=
ac_cv_env_CPP_set=
ac_cv_env_CPP_value=
ac_cv_env_GTK_CFLAGS_set=
ac_cv_env_GTK_CFLAGS_value=
ac_cv_env_GTK_LIBS_set=
ac_cv_env_GTK_LIBS_value=
ac_cv_env_KEYUTILS_CFLAGS_set=
ac_cv_env_KEYUTILS_CFLAGS_value=
ac_cv_env_KEYUTILS_LIBS_set=
ac_cv_env_KEYUTILS_LIBS_value=
ac_cv_env_LDFLAGS_set=
ac_cv_env_LDFLAGS_value=
ac_cv_env_LIBS_set=
ac_cv_env_LIBS_value=
ac_cv_env_OPENSSL_CFLAGS_set=
ac_cv_env_OPENSSL_CFLAGS_value=
ac_cv_env_OPENSSL_LIBS_set=
ac_cv_env_OPENSSL_LIBS_value=
ac_cv_env_PAM_CFLAGS_set=
ac_cv_env_PAM_CFLAGS_value=
ac_cv_env_PAM_LIBS_set=
ac_cv_env_PAM_LIBS_value=
ac_cv_env_PKCS11_HELPER_CFLAGS_set=
ac_cv_env_PKCS11_HELPER_CFLAGS_value=
ac_cv_env_PKCS11_HELPER_LIBS_set=
ac_cv_env_PKCS11_HELPER_LIBS_value=
ac_cv_env_PKG_CONFIG_set=
ac_cv_env_PKG_CONFIG_value=
ac_cv_env_PYTHON_VERSION_set=
ac_cv_env_PYTHON_VERSION_value=
ac_cv_env_TSPI_CFLAGS_set=
ac_cv_env_TSPI_CFLAGS_value=
ac_cv_env_TSPI_LIBS_set=
ac_cv_env_TSPI_LIBS_value=
ac_cv_env_build_alias_set=
ac_cv_env_build_alias_value=
ac_cv_env_host_alias_set=
ac_cv_env_host_alias_value=
ac_cv_env_target_alias_set=
ac_cv_env_target_alias_value=
ac_cv_header_dlfcn_h=yes
ac_cv_header_inttypes_h=yes
ac_cv_header_memory_h=yes
ac_cv_header_minix_config_h=no
ac_cv_header_openssl_rsa_h=yes
ac_cv_header_stdc=yes
ac_cv_header_stdint_h=yes
ac_cv_header_stdlib_h=yes
ac_cv_header_string_h=yes
ac_cv_header_strings_h=yes
ac_cv_header_sys_stat_h=yes
ac_cv_header_sys_types_h=yes
ac_cv_header_unistd_h=yes
ac_cv_host=x86_64-unknown-linux-gnu
ac_cv_lib_dl_dlopen=yes
ac_cv_lib_keyutils_keyctl_search=yes
ac_cv_lib_pam_misc_pam_misc_setenv=yes
ac_cv_lib_pam_pam_authenticate=yes
ac_cv_objext=o
ac_cv_path_EGREP='/bin/grep -E'
ac_cv_path_FGREP='/bin/grep -F'
ac_cv_path_GREP=/bin/grep
ac_cv_path_POD2MAN=/usr/bin/pod2man
ac_cv_path_PS2PDF=/usr/bin/ps2pdf
ac_cv_path_PYTHON=/usr/bin/python
ac_cv_path_SED=/bin/sed
ac_cv_path_SWIG=/usr/bin/swig
ac_cv_path_TAR=/bin/tar
ac_cv_path_ac_pt_PKG_CONFIG=/usr/bin/pkg-config
ac_cv_path_install='/usr/bin/install -c'
ac_cv_path_mkdir=/bin/mkdir
ac_cv_prog_AWK=gawk
ac_cv_prog_CPP='gcc -E'
ac_cv_prog_ac_ct_AR=ar
ac_cv_prog_ac_ct_CC=gcc
ac_cv_prog_ac_ct_OBJDUMP=objdump
ac_cv_prog_ac_ct_RANLIB=ranlib
ac_cv_prog_ac_ct_STRIP=strip
ac_cv_prog_cc_c89=
ac_cv_prog_cc_g=yes
ac_cv_prog_cc_gcc_c_o=yes
ac_cv_prog_make_make_set=yes
ac_cv_safe_to_define___extensions__=yes
ac_cv_search_strerror='none required'
ac_cv_target=x86_64-unknown-linux-gnu
am_cv_CC_dependencies_compiler_type=gcc3
am_cv_pathless_PYTHON=python
am_cv_python_platform=linux2
am_cv_python_pyexecdir='${exec_prefix}/lib64/python2.6/site-packages'
am_cv_python_pythondir='${prefix}/lib/python2.6/site-packages'
am_cv_python_version=2.6
lt_cv_deplibs_check_method=pass_all
lt_cv_file_magic_cmd='$MAGIC_CMD'
lt_cv_file_magic_test_file=
lt_cv_ld_reload_flag=-r
lt_cv_nm_interface='BSD nm'
lt_cv_objdir=.libs
lt_cv_path_LD=/usr/bin/ld
lt_cv_path_NM='/usr/bin/nm -B'
lt_cv_prog_compiler_c_o=yes
lt_cv_prog_compiler_pic_works=yes
lt_cv_prog_compiler_rtti_exceptions=no
lt_cv_prog_compiler_static_works=no
lt_cv_prog_gnu_ld=yes
lt_cv_sys_global_symbol_pipe='sed -n -e '\''s/^.*[	 ]\([ABCDGIRSTW][ABCDGIRSTW]*\)[	 ][	 ]*\([_A-Za-z][_A-Za-z0-9]*\)$/\1 \2 \2/p'\'''
lt_cv_sys_global_symbol_to_c_name_address='sed -n -e '\''s/^: \([^ ]*\) $/  {\"\1\", (void *) 0},/p'\'' -e '\''s/^[ABCDGIRSTW]* \([^ ]*\) \([^ ]*\)$/  {"\2", (void *) \&\2},/p'\'''
lt_cv_sys_global_symbol_to_c_name_address_lib_prefix='sed -n -e '\''s/^: \([^ ]*\) $/  {\"\1\", (void *) 0},/p'\'' -e '\''s/^[ABCDGIRSTW]* \([^ ]*\) \(lib[^ ]*\)$/  {"\2", (void *) \&\2},/p'\'' -e '\''s/^[ABCDGIRSTW]* \([^ ]*\) \([^ ]*\)$/  {"lib\2", (void *) \&\2},/p'\'''
lt_cv_sys_global_symbol_to_cdecl='sed -n -e '\''s/^T .* \(.*\)$/extern int \1();/p'\'' -e '\''s/^[ABCDGIRSTW]* .* \(.*\)$/extern char \1;/p'\'''
lt_cv_sys_max_cmd_len=1572864
pkg_cv_OPENSSL_CFLAGS=' '
pkg_cv_OPENSSL_LIBS='-lcrypto  '

## ----------------- ##
## Output variables. ##
## ----------------- ##

ACLOCAL='${SHELL} /root/develop/linux-4.1.12/tse-utils-82/missing --run aclocal-1.11'
AMDEPBACKSLASH='\'
AMDEP_FALSE='#'
AMDEP_TRUE=''
AMTAR='${SHELL} /root/develop/linux-4.1.12/tse-utils-82/missing --run tar'
AR='ar'
AUTOCONF='${SHELL} /root/develop/linux-4.1.12/tse-utils-82/missing --run autoconf'
AUTOHEADER='${SHELL} /root/develop/linux-4.1.12/tse-utils-82/missing --run autoheader'
AUTOMAKE='${SHELL} /root/develop/linux-4.1.12/tse-utils-82/missing --run automake-1.11'
AWK='gawk'
BUILD_DOCS_FALSE=''
BUILD_DOCS_GEN_FALSE=''
BUILD_DOCS_GEN_TRUE='#'
BUILD_DOCS_TRUE='#'
BUILD_GPG_FALSE=''
BUILD_GPG_TRUE='#'
BUILD_GUI_FALSE=''
BUILD_GUI_TRUE='#'
BUILD_NSS_FALSE='#'
BUILD_NSS_TRUE=''
BUILD_OPENSSL_FALSE='#'
BUILD_OPENSSL_TRUE=''
BUILD_PAM_FALSE='#'
BUILD_PAM_TRUE=''
BUILD_PKCS11_HELPER_FALSE=''
BUILD_PKCS11_HELPER_TRUE='#'
BUILD_PYWRAP_FALSE='#'
BUILD_PYWRAP_TRUE=''
BUILD_TSPI_FALSE=''
BUILD_TSPI_TRUE='#'
CC='gcc'
CCDEPMODE='depmode=gcc3'
CFLAGS='-g -O2'
CPP='gcc -E'
CPPFLAGS=''
CRYPTO_CFLAGS='-I/usr/include/nss3 -DENABLE_NSS -I/usr/include/nspr4'
CRYPTO_LIBS='-Wl,-rpath-link,/usr/lib64 -L/usr/lib64 -lssl3 -lsmime3 -lnss3 -lnssutil3'
CYGPATH_W='echo'
DEFS='-DHAVE_CONFIG_H'
DEPDIR='.deps'
DSYMUTIL=''
DUMPBIN=''
DVIPS=''
ECHO_C=''
ECHO_N='-n'
ECHO_T=''
EGREP='/bin/grep -E'
ENABLE_TESTS_FALSE=''
ENABLE_TESTS_TRUE='#'
EXEEXT=''
FGREP='/bin/grep -F'
GPGME_CFLAGS=''
GPGME_LIBS=''
GREP='/bin/grep'
GTK_CFLAGS=''
GTK_LIBS=''
INSTALL_DATA='${INSTALL} -m 644'
INSTALL_PROGRAM='${INSTALL}'
INSTALL_SCRIPT='${INSTALL}'
INSTALL_STRIP_PROGRAM='$(install_sh) -c -s'
KEYUTILS_CFLAGS=''
KEYUTILS_LIBS='-lkeyutils'
LATEX2HTML=''
LATEX=''
LD='/usr/bin/ld -m elf_x86_64'
LDFLAGS=''
LIBOBJS=''
LIBS='-ldl '
LIBTOOL='$(SHELL) $(top_builddir)/libtool'
LIBTSE_LT_AGE='0'
LIBTSE_LT_CURRENT='0'
LIBTSE_LT_REVISION='0'
LIPO=''
LN_S='ln -s'
LTLIBOBJS=''
MAKEINFO='${SHELL} /root/develop/linux-4.1.12/tse-utils-82/missing --run makeinfo'
MKDIR_P='/bin/mkdir -p'
NM='/usr/bin/nm -B'
NMEDIT=''
OBJDUMP='objdump'
OBJEXT='o'
OPENSSL_CFLAGS=' '
OPENSSL_LIBS='-lcrypto  '
OTOOL64=''
OTOOL=''
PACKAGE='tse-utils'
PACKAGE_BUGREPORT=''
PACKAGE_NAME='tse-utils'
PACKAGE_STRING='tse-utils 82'
PACKAGE_TARNAME='tse-utils'
PACKAGE_VERSION='82'
PAM_CFLAGS=''
PAM_LIBS='-lpam  -lpam_misc'
PATH_SEPARATOR=':'
PKCS11_HELPER_CFLAGS=''
PKCS11_HELPER_LIBS=''
PKG_CONFIG='/usr/bin/pkg-config'
POD2MAN='/usr/bin/pod2man'
PS2PDF='/usr/bin/ps2pdf'
PYTHON='/usr/bin/python'
PYTHON_CPPFLAGS='-I/usr/include/python2.6'
PYTHON_EXEC_PREFIX='${exec_prefix}'
PYTHON_EXTRA_LDFLAGS='-Xlinker -export-dynamic'
PYTHON_EXTRA_LIBS=' -lpthread -ldl  -lutil'
PYTHON_LDFLAGS='-L/usr/lib64/python2.6 -lpython2.6'
PYTHON_PLATFORM='linux2'
PYTHON_PREFIX='${prefix}'
PYTHON_SITE_PKG='/usr/lib/python2.6/site-packages'
PYTHON_VERSION='2.6'
RANLIB='ranlib'
SED='/bin/sed'
SET_MAKE=''
SHELL='/bin/sh'
STRIP='strip'
SWIG='/usr/bin/swig'
SWIG_LIB='/usr/share/swig/1.3.40'
SWIG_PYTHON_CPPFLAGS='-I/usr/include/python2.6'
SWIG_PYTHON_OPT='-python'
TAR='/bin/tar'
TSPI_CFLAGS=''
TSPI_LIBS=''
VERSION='82'
ac_ct_CC='gcc'
ac_ct_DUMPBIN=''
am__EXEEXT_FALSE=''
am__EXEEXT_TRUE='#'
am__fastdepCC_FALSE='#'
am__fastdepCC_TRUE=''
am__include='include'
am__isrc=''
am__leading_dot='.'
am__quote=''
am__tar='${AMTAR} chof - "$$tardir"'
am__untar='${AMTAR} xf -'
bindir='${exec_prefix}/bin'
build='x86_64-unknown-linux-gnu'
build_alias=''
build_cpu='x86_64'
build_os='linux-gnu'
build_vendor='unknown'
datadir='${datarootdir}'
datarootdir='${prefix}/share'
docdir='${datarootdir}/doc/${PACKAGE_TARNAME}'
dvidir='${docdir}'
exec_prefix='${prefix}'
host='x86_64-unknown-linux-gnu'
host_alias=''
host_cpu='x86_64'
host_os='linux-gnu'
host_vendor='unknown'
htmldir='${docdir}'
includedir='${prefix}/include'
infodir='${datarootdir}/info'
install_sh='${SHELL} /root/develop/linux-4.1.12/tse-utils-82/install-sh'
libdir='${exec_prefix}/lib'
libexecdir='${exec_prefix}/libexec'
localedir='${datarootdir}/locale'
localstatedir='${prefix}/var'
lt_ECHO='echo'
mandir='${datarootdir}/man'
mkdir_p='/bin/mkdir -p'
oldincludedir='/usr/include'
pamdir='/lib/security'
pamlibdir=''
pdfdir='${docdir}'
pkgconfigdir='$(libdir)/pkgconfig'
pkgpyexecdir='${pyexecdir}/tse-utils'
pkgpythondir='${pythondir}/tse-utils'
prefix='/usr'
program_transform_name='s,x,x,'
psdir='${docdir}'
pyexecdir='${exec_prefix}/lib64/python2.6/site-packages'
pythondir='${prefix}/lib/python2.6/site-packages'
rootsbindir='/sbin'
sbindir='${exec_prefix}/sbin'
sharedstatedir='${prefix}/com'
sysconfdir='${prefix}/etc'
target='x86_64-unknown-linux-gnu'
target_alias=''
target_cpu='x86_64'
target_os='linux-gnu'
target_vendor='unknown'
tsekeymoddir='$(libdir)/tse'

## ----------- ##
## confdefs.h. ##
## ----------- ##

#define PACKAGE_NAME "tse-utils"
#define PACKAGE_TARNAME "tse-utils"
#define PACKAGE_VERSION "82"
#define PACKAGE_STRING "tse-utils 82"
#define PACKAGE_BUGREPORT ""
#define PACKAGE "tse-utils"
#define VERSION "82"
#define TSE_DEFAULT_KEY_MOD_DIR "/usr/lib/tse"
#define STDC_HEADERS 1
#define HAVE_SYS_TYPES_H 1
#define HAVE_SYS_STAT_H 1
#define HAVE_STDLIB_H 1
#define HAVE_STRING_H 1
#define HAVE_MEMORY_H 1
#define HAVE_STRINGS_H 1
#define HAVE_INTTYPES_H 1
#define HAVE_STDINT_H 1
#define HAVE_UNISTD_H 1
#define __EXTENSIONS__ 1
#define _ALL_SOURCE 1
#define _GNU_SOURCE 1
#define _POSIX_PTHREAD_SEMANTICS 1
#define _TANDEM_SOURCE 1
#define __EXTENSIONS__ 1
#define _ALL_SOURCE 1
#define _GNU_SOURCE 1
#define _POSIX_PTHREAD_SEMANTICS 1
#define _TANDEM_SOURCE 1
#define HAVE_DLFCN_H 1
#define LT_OBJDIR ".libs/"
#define STDC_HEADERS 1
#define HAVE_LIBDL 1

configure: exit 0

## ---------------------- ##
## Running config.status. ##
## ---------------------- ##

This file was extended by tse-utils config.status 82, which was
generated by GNU Autoconf 2.63.  Invocation command line was

  CONFIG_FILES    = 
  CONFIG_HEADERS  = 
  CONFIG_LINKS    = 
  CONFIG_COMMANDS = 
  $ ./config.status 

on oracle.linux6

config.status:1083: creating Makefile
config.status:1083: creating doc/Makefile
config.status:1083: creating src/Makefile
config.status:1083: creating src/libtse/Makefile
config.status:1083: creating src/utils/Makefile
config.status:1083: creating src/key_mod/Makefile
config.status:1083: creating src/daemon/Makefile
config.status:1083: creating src/desktop/Makefile
config.status:1083: creating src/include/Makefile
config.status:1083: creating doc/manpage/Makefile
config.status:1083: creating src/pam_tse/Makefile
config.status:1083: creating src/libtse/libtse.pc
config.status:1083: creating src/libtse-swig/Makefile
config.status:1083: creating config.h
config.status:1305: config.h is unchanged
config.status:1357: executing depfiles commands
config.status:1357: executing libtool commands
